<?xml version="1.0" encoding="UTF-8"?>
<!-- Generated by org.testng.reporters.JUnitReportReporter -->
<testsuite hostname="DESKTOP-1UR8HFJ" failures="0" tests="8" name="testcases.TC_001_LoginTest" time="49.370" errors="0" timestamp="2024-03-30T04:55:55 PDT" skipped="0">
  <testcase classname="testcases.TC_001_LoginTest" name="verify_login_functionality" time="10.486"/>
  <testcase classname="testcases.TC_001_LoginTest" name="verify_login_functionality" time="0.810"/>
  <testcase classname="testcases.TC_001_LoginTest" name="verify_login_functionality" time="0.722"/>
  <testcase classname="testcases.TC_001_LoginTest" name="verify_login_functionality" time="10.380"/>
  <testcase classname="testcases.TC_001_LoginTest" name="verify_login_functionality" time="5.697"/>
  <testcase classname="testcases.TC_001_LoginTest" name="verify_login_functionality" time="0.519"/>
  <testcase classname="testcases.TC_001_LoginTest" name="verify_login_functionality" time="10.378"/>
  <testcase classname="testcases.TC_001_LoginTest" name="verify_login_functionality" time="10.378"/>
</testsuite> <!-- testcases.TC_001_LoginTest -->
