<?xml version="1.0" encoding="UTF-8"?>
<!-- Generated by org.testng.reporters.JUnitReportReporter -->
<testsuite hostname="DESKTOP-1UR8HFJ" failures="0" tests="8" name="testcases.TC_001_LoginTest" time="48.977" errors="0" timestamp="2024-03-30T05:06:42 PDT" skipped="0">
  <testcase classname="testcases.TC_001_LoginTest" name="verify_login_functionality" time="10.350"/>
  <testcase classname="testcases.TC_001_LoginTest" name="verify_login_functionality" time="10.384"/>
  <testcase classname="testcases.TC_001_LoginTest" name="verify_login_functionality" time="0.664"/>
  <testcase classname="testcases.TC_001_LoginTest" name="verify_login_functionality" time="10.352"/>
  <testcase classname="testcases.TC_001_LoginTest" name="verify_login_functionality" time="0.476"/>
  <testcase classname="testcases.TC_001_LoginTest" name="verify_login_functionality" time="0.904"/>
  <testcase classname="testcases.TC_001_LoginTest" name="verify_login_functionality" time="5.510"/>
  <testcase classname="testcases.TC_001_LoginTest" name="verify_login_functionality" time="10.337"/>
</testsuite> <!-- testcases.TC_001_LoginTest -->
