<?xml version="1.0" encoding="UTF-8"?>
<!-- Generated by org.testng.reporters.JUnitReportReporter -->
<testsuite hostname="DESKTOP-1UR8HFJ" failures="0" tests="1" name="testcases.EndToEnd_Test" time="1.440" errors="0" timestamp="2024-03-30T09:25:50 PDT" skipped="0">
  <testcase classname="testcases.EndToEnd_Test" name="endtoendtest" time="1.440"/>
</testsuite> <!-- testcases.EndToEnd_Test -->
